c:\users\talib\desktop\projekt ppk\dijkstra\dijkstra\debug\vc142.pdb
c:\users\talib\desktop\projekt ppk\dijkstra\dijkstra\debug\vc142.idb
c:\users\talib\desktop\projekt ppk\dijkstra\dijkstra\debug\priorityqueue.obj
c:\users\talib\desktop\projekt ppk\dijkstra\dijkstra\debug\main.obj
c:\users\talib\desktop\projekt ppk\dijkstra\dijkstra\debug\linkedlist.obj
c:\users\talib\source\repos\74e68adb-gr21-repo\projekt\projekt ppk\dijkstra\dijkstra\debug\vc142.pdb
c:\users\talib\source\repos\74e68adb-gr21-repo\projekt\projekt ppk\dijkstra\dijkstra\debug\vc142.idb
c:\users\talib\source\repos\74e68adb-gr21-repo\projekt\projekt ppk\dijkstra\dijkstra\debug\openfiles.obj
c:\users\talib\desktop\projekt ppk\dijkstra\debug\dijkstra.exe
c:\users\talib\desktop\projekt ppk\dijkstra\debug\dijkstra.ilk
c:\users\talib\desktop\projekt ppk\dijkstra\debug\dijkstra.pdb
c:\users\talib\source\repos\74e68adb-gr21-repo\projekt\projekt ppk\dijkstra\dijkstra\debug\linkedlist.obj
c:\users\talib\source\repos\74e68adb-gr21-repo\projekt\projekt ppk\dijkstra\dijkstra\debug\main.obj
c:\users\talib\source\repos\74e68adb-gr21-repo\projekt\projekt ppk\dijkstra\dijkstra\debug\priorityqueue.obj
c:\users\talib\source\repos\74e68adb-gr21-repo\projekt\projekt ppk\dijkstra\debug\dijkstra.pdb
c:\users\talib\source\repos\74e68adb-gr21-repo\projekt\projekt ppk\dijkstra\debug\dijkstra.exe
c:\users\talib\source\repos\74e68adb-gr21-repo\projekt\projekt ppk\dijkstra\debug\dijkstra.ilk
c:\users\talib\source\repos\74e68adb-gr21-repo\projekt\projekt ppk\dijkstra\dijkstra\debug\dijkstra.tlog\cl.command.1.tlog
c:\users\talib\source\repos\74e68adb-gr21-repo\projekt\projekt ppk\dijkstra\dijkstra\debug\dijkstra.tlog\cl.read.1.tlog
c:\users\talib\source\repos\74e68adb-gr21-repo\projekt\projekt ppk\dijkstra\dijkstra\debug\dijkstra.tlog\cl.write.1.tlog
c:\users\talib\source\repos\74e68adb-gr21-repo\projekt\projekt ppk\dijkstra\dijkstra\debug\dijkstra.tlog\link.command.1.tlog
c:\users\talib\source\repos\74e68adb-gr21-repo\projekt\projekt ppk\dijkstra\dijkstra\debug\dijkstra.tlog\link.read.1.tlog
c:\users\talib\source\repos\74e68adb-gr21-repo\projekt\projekt ppk\dijkstra\dijkstra\debug\dijkstra.tlog\link.write.1.tlog
